<?xml version="1.0" encoding="UTF-8"?>
<testng-results skipped="0" failed="0" total="1" passed="1">
  <reporter-output>
  </reporter-output>
  <suite name="Default suite" duration-ms="16402" started-at="2020-05-18T16:11:15Z" finished-at="2020-05-18T16:11:32Z">
    <groups>
    </groups>
    <test name="Default test" duration-ms="16402" started-at="2020-05-18T16:11:15Z" finished-at="2020-05-18T16:11:32Z">
      <class name="Testcases.Loginapplication">
        <test-method status="PASS" signature="Login()[pri:0, instance:Testcases.Loginapplication@564718df]" name="Login" duration-ms="16368" started-at="2020-05-18T21:41:15Z" finished-at="2020-05-18T21:41:32Z">
          <reporter-output>
          </reporter-output>
        </test-method> <!-- Login -->
      </class> <!-- Testcases.Loginapplication -->
    </test> <!-- Default test -->
  </suite> <!-- Default suite -->
</testng-results>
